Release 14.7 - xst P.20131013 (lin)
Copyright (c) 1995-2013 Xilinx, Inc.  All rights reserved.
--> 
Parameter TMPDIR set to xst/projnav.tmp


Total REAL time to Xst completion: 9.00 secs
Total CPU time to Xst completion: 0.01 secs
 
--> 
Parameter xsthdpdir set to xst


Total REAL time to Xst completion: 9.00 secs
Total CPU time to Xst completion: 0.01 secs
 
--> 
Reading design: controller.prj

TABLE OF CONTENTS
  1) Synthesis Options Summary
  2) HDL Parsing
  3) HDL Elaboration
  4) HDL Synthesis
       4.1) HDL Synthesis Report
  5) Advanced HDL Synthesis
       5.1) Advanced HDL Synthesis Report
  6) Low Level Synthesis
  7) Partition Report
  8) Design Summary
       8.1) Primitive and Black Box Usage
       8.2) Device utilization summary
       8.3) Partition Resource Summary
       8.4) Timing Report
            8.4.1) Clock Information
            8.4.2) Asynchronous Control Signals Information
            8.4.3) Timing Summary
            8.4.4) Timing Details
            8.4.5) Cross Clock Domains Report


=========================================================================
*                      Synthesis Options Summary                        *
=========================================================================
---- Source Parameters
Input File Name                    : "controller.prj"
Ignore Synthesis Constraint File   : NO

---- Target Parameters
Output File Name                   : "controller"
Output Format                      : NGC
Target Device                      : xc6slx16-3-csg324

---- Source Options
Top Module Name                    : controller
Automatic FSM Extraction           : YES
FSM Encoding Algorithm             : Auto
Safe Implementation                : No
FSM Style                          : LUT
RAM Extraction                     : Yes
RAM Style                          : Auto
ROM Extraction                     : Yes
Shift Register Extraction          : YES
ROM Style                          : Auto
Resource Sharing                   : YES
Asynchronous To Synchronous        : NO
Shift Register Minimum Size        : 2
Use DSP Block                      : Auto
Automatic Register Balancing       : No

---- Target Options
LUT Combining                      : Auto
Reduce Control Sets                : Auto
Add IO Buffers                     : YES
Global Maximum Fanout              : 100000
Add Generic Clock Buffer(BUFG)     : 16
Register Duplication               : YES
Optimize Instantiated Primitives   : NO
Use Clock Enable                   : Auto
Use Synchronous Set                : Auto
Use Synchronous Reset              : Auto
Pack IO Registers into IOBs        : Auto
Equivalent register Removal        : YES

---- General Options
Optimization Goal                  : Speed
Optimization Effort                : 1
Power Reduction                    : NO
Keep Hierarchy                     : No
Netlist Hierarchy                  : As_Optimized
RTL Output                         : Yes
Global Optimization                : AllClockNets
Read Cores                         : YES
Write Timing Constraints           : NO
Cross Clock Analysis               : NO
Hierarchy Separator                : /
Bus Delimiter                      : <>
Case Specifier                     : Maintain
Slice Utilization Ratio            : 100
BRAM Utilization Ratio             : 100
DSP48 Utilization Ratio            : 100
Auto BRAM Packing                  : NO
Slice Utilization Ratio Delta      : 5

=========================================================================


=========================================================================
*                          HDL Parsing                                  *
=========================================================================
Parsing VHDL file "/home/cal/Intstrument/scale_clock.vhd" into library work
Parsing entity <scale_clock>.
Parsing architecture <Behavioral> of entity <scale_clock>.
Parsing VHDL file "/home/cal/Intstrument/controller.vhd" into library work
Parsing entity <controller>.
Parsing architecture <Behavioral> of entity <controller>.

=========================================================================
*                            HDL Elaboration                            *
=========================================================================

Elaborating entity <controller> (architecture <Behavioral>) from library <work>.
WARNING:HDLCompiler:871 - "/home/cal/Intstrument/controller.vhd" Line 23: Using initial value '0' for d4_osc since it is never assigned
WARNING:HDLCompiler:871 - "/home/cal/Intstrument/controller.vhd" Line 24: Using initial value '0' for e4_osc since it is never assigned
WARNING:HDLCompiler:871 - "/home/cal/Intstrument/controller.vhd" Line 25: Using initial value '0' for f4_osc since it is never assigned
WARNING:HDLCompiler:871 - "/home/cal/Intstrument/controller.vhd" Line 26: Using initial value '0' for g4_osc since it is never assigned
WARNING:HDLCompiler:871 - "/home/cal/Intstrument/controller.vhd" Line 27: Using initial value '0' for a5_osc since it is never assigned
WARNING:HDLCompiler:871 - "/home/cal/Intstrument/controller.vhd" Line 28: Using initial value '0' for b5_osc since it is never assigned
WARNING:HDLCompiler:871 - "/home/cal/Intstrument/controller.vhd" Line 29: Using initial value '0' for c5_osc since it is never assigned
WARNING:HDLCompiler:871 - "/home/cal/Intstrument/controller.vhd" Line 48: Using initial value '0' for reseter since it is never assigned

Elaborating entity <scale_clock> (architecture <Behavioral>) from library <work>.

=========================================================================
*                           HDL Synthesis                               *
=========================================================================

Synthesizing Unit <controller>.
    Related source file is "/home/cal/Intstrument/controller.vhd".
WARNING:Xst:647 - Input <notes<1:7>> is never used. This port will be preserved and left unconnected if it belongs to a top-level block or it belongs to a sub-block and the hierarchy of this sub-block is preserved.
    Summary:
	no macro.
Unit <controller> synthesized.

Synthesizing Unit <scale_clock>.
    Related source file is "/home/cal/Intstrument/scale_clock.vhd".
    Found 24-bit register for signal <prescaler>.
    Found 1-bit register for signal <clk_2Hz_i>.
    Found 24-bit adder for signal <prescaler[23]_GND_5_o_add_1_OUT> created at line 28.
    Summary:
	inferred   1 Adder/Subtractor(s).
	inferred  25 D-type flip-flop(s).
Unit <scale_clock> synthesized.

=========================================================================
HDL Synthesis Report

Macro Statistics
# Adders/Subtractors                                   : 1
 24-bit adder                                          : 1
# Registers                                            : 2
 1-bit register                                        : 1
 24-bit register                                       : 1

=========================================================================

=========================================================================
*                       Advanced HDL Synthesis                          *
=========================================================================


Synthesizing (advanced) Unit <scale_clock>.
The following registers are absorbed into counter <prescaler>: 1 register on signal <prescaler>.
Unit <scale_clock> synthesized (advanced).

=========================================================================
Advanced HDL Synthesis Report

Macro Statistics
# Counters                                             : 1
 24-bit up counter                                     : 1
# Registers                                            : 1
 Flip-Flops                                            : 1

=========================================================================

=========================================================================
*                         Low Level Synthesis                           *
=========================================================================

Optimizing unit <controller> ...
WARNING:Xst:1710 - FF/Latch <scale_clock_1/prescaler_18> (without init value) has a constant value of 0 in block <controller>. This FF/Latch will be trimmed during the optimization process.
WARNING:Xst:1895 - Due to other FF/Latch trimming, FF/Latch <scale_clock_1/prescaler_19> (without init value) has a constant value of 0 in block <controller>. This FF/Latch will be trimmed during the optimization process.
WARNING:Xst:1895 - Due to other FF/Latch trimming, FF/Latch <scale_clock_1/prescaler_20> (without init value) has a constant value of 0 in block <controller>. This FF/Latch will be trimmed during the optimization process.
WARNING:Xst:1895 - Due to other FF/Latch trimming, FF/Latch <scale_clock_1/prescaler_21> (without init value) has a constant value of 0 in block <controller>. This FF/Latch will be trimmed during the optimization process.
WARNING:Xst:1895 - Due to other FF/Latch trimming, FF/Latch <scale_clock_1/prescaler_22> (without init value) has a constant value of 0 in block <controller>. This FF/Latch will be trimmed during the optimization process.
WARNING:Xst:1895 - Due to other FF/Latch trimming, FF/Latch <scale_clock_1/prescaler_23> (without init value) has a constant value of 0 in block <controller>. This FF/Latch will be trimmed during the optimization process.

Mapping all equations...
Building and optimizing final netlist ...
Found area constraint ratio of 100 (+ 5) on block controller, actual ratio is 0.

Final Macro Processing ...

=========================================================================
Final Register Report

Macro Statistics
# Registers                                            : 19
 Flip-Flops                                            : 19

=========================================================================

=========================================================================
*                           Partition Report                            *
=========================================================================

Partition Implementation Status
-------------------------------

  No Partitions were found in this design.

-------------------------------

=========================================================================
*                            Design Summary                             *
=========================================================================

Top Level Output File Name         : controller.ngc

Primitive and Black Box Usage:
------------------------------
# BELS                             : 78
#      GND                         : 1
#      INV                         : 1
#      LUT1                        : 17
#      LUT2                        : 1
#      LUT4                        : 19
#      LUT6                        : 3
#      MUXCY                       : 17
#      VCC                         : 1
#      XORCY                       : 18
# FlipFlops/Latches                : 19
#      FD                          : 19
# Clock Buffers                    : 1
#      BUFGP                       : 1
# IO Buffers                       : 12
#      IBUF                        : 1
#      OBUF                        : 11

Device utilization summary:
---------------------------

Selected Device : 6slx16csg324-3 


Slice Logic Utilization: 
 Number of Slice Registers:              19  out of  18224     0%  
 Number of Slice LUTs:                   41  out of   9112     0%  
    Number used as Logic:                41  out of   9112     0%  

Slice Logic Distribution: 
 Number of LUT Flip Flop pairs used:     41
   Number with an unused Flip Flop:      22  out of     41    53%  
   Number with an unused LUT:             0  out of     41     0%  
   Number of fully used LUT-FF pairs:    19  out of     41    46%  
   Number of unique control sets:         1

IO Utilization: 
 Number of IOs:                          20
 Number of bonded IOBs:                  13  out of    232     5%  

Specific Feature Utilization:
 Number of BUFG/BUFGCTRLs:                1  out of     16     6%  

---------------------------
Partition Resource Summary:
---------------------------

  No Partitions were found in this design.

---------------------------


=========================================================================
Timing Report

NOTE: THESE TIMING NUMBERS ARE ONLY A SYNTHESIS ESTIMATE.
      FOR ACCURATE TIMING INFORMATION PLEASE REFER TO THE TRACE REPORT
      GENERATED AFTER PLACE-and-ROUTE.

Clock Information:
------------------
-----------------------------------+------------------------+-------+
Clock Signal                       | Clock buffer(FF name)  | Load  |
-----------------------------------+------------------------+-------+
clck                               | BUFGP                  | 19    |
-----------------------------------+------------------------+-------+

Asynchronous Control Signals Information:
----------------------------------------
No asynchronous control signals found in this design

Timing Summary:
---------------
Speed Grade: -3

   Minimum period: 3.238ns (Maximum Frequency: 308.809MHz)
   Minimum input arrival time before clock: No path found
   Maximum output required time after clock: 4.744ns
   Maximum combinational path delay: 5.379ns

Timing Details:
---------------
All values displayed in nanoseconds (ns)

=========================================================================
Timing constraint: Default period analysis for Clock 'clck'
  Clock period: 3.238ns (frequency: 308.809MHz)
  Total number of paths / destination ports: 514 / 19
-------------------------------------------------------------------------
Delay:               3.238ns (Levels of Logic = 2)
  Source:            scale_clock_1/prescaler_11 (FF)
  Destination:       scale_clock_1/clk_2Hz_i (FF)
  Source Clock:      clck rising
  Destination Clock: clck rising

  Data Path: scale_clock_1/prescaler_11 to scale_clock_1/clk_2Hz_i
                                Gate     Net
    Cell:in->out      fanout   Delay   Delay  Logical Name (Net Name)
    ----------------------------------------  ------------
     FD:C->Q               2   0.447   0.981  scale_clock_1/prescaler_11 (scale_clock_1/prescaler_11)
     LUT6:I0->O           19   0.203   1.300  scale_clock_1/prescaler[23]_GND_5_o_equal_1_o<23>1 (scale_clock_1/prescaler[23]_GND_5_o_equal_1_o<23>)
     LUT4:I1->O            1   0.205   0.000  scale_clock_1/clk_2Hz_i_rstpot (scale_clock_1/clk_2Hz_i_rstpot)
     FD:D                      0.102          scale_clock_1/clk_2Hz_i
    ----------------------------------------
    Total                      3.238ns (0.957ns logic, 2.281ns route)
                                       (29.6% logic, 70.4% route)

=========================================================================
Timing constraint: Default OFFSET OUT AFTER for Clock 'clck'
  Total number of paths / destination ports: 8 / 8
-------------------------------------------------------------------------
Offset:              4.744ns (Levels of Logic = 2)
  Source:            scale_clock_1/clk_2Hz_i (FF)
  Destination:       dac<7> (PAD)
  Source Clock:      clck rising

  Data Path: scale_clock_1/clk_2Hz_i to dac<7>
                                Gate     Net
    Cell:in->out      fanout   Delay   Delay  Logical Name (Net Name)
    ----------------------------------------  ------------
     FD:C->Q               2   0.447   0.721  scale_clock_1/clk_2Hz_i (scale_clock_1/clk_2Hz_i)
     LUT2:I0->O            8   0.203   0.802  c4_out1 (dac_0_OBUF)
     OBUF:I->O                 2.571          dac_7_OBUF (dac<7>)
    ----------------------------------------
    Total                      4.744ns (3.221ns logic, 1.523ns route)
                                       (67.9% logic, 32.1% route)

=========================================================================
Timing constraint: Default path analysis
  Total number of paths / destination ports: 8 / 8
-------------------------------------------------------------------------
Delay:               5.379ns (Levels of Logic = 3)
  Source:            notes<0> (PAD)
  Destination:       dac<7> (PAD)

  Data Path: notes<0> to dac<7>
                                Gate     Net
    Cell:in->out      fanout   Delay   Delay  Logical Name (Net Name)
    ----------------------------------------  ------------
     IBUF:I->O             1   1.222   0.580  notes_0_IBUF (notes_0_IBUF)
     LUT2:I1->O            8   0.205   0.802  c4_out1 (dac_0_OBUF)
     OBUF:I->O                 2.571          dac_7_OBUF (dac<7>)
    ----------------------------------------
    Total                      5.379ns (3.998ns logic, 1.381ns route)
                                       (74.3% logic, 25.7% route)

=========================================================================

Cross Clock Domains Report:
--------------------------

Clock to Setup on destination clock clck
---------------+---------+---------+---------+---------+
               | Src:Rise| Src:Fall| Src:Rise| Src:Fall|
Source Clock   |Dest:Rise|Dest:Rise|Dest:Fall|Dest:Fall|
---------------+---------+---------+---------+---------+
clck           |    3.238|         |         |         |
---------------+---------+---------+---------+---------+

=========================================================================


Total REAL time to Xst completion: 30.00 secs
Total CPU time to Xst completion: 5.02 secs
 
--> 


Total memory usage is 127464 kilobytes

Number of errors   :    0 (   0 filtered)
Number of warnings :   15 (   0 filtered)
Number of infos    :    0 (   0 filtered)

